[debug] [2021-01-27T11:49:59.456Z] ----------------------------------------------------------------------
[debug] [2021-01-27T11:49:59.459Z] Command:       /usr/local/bin/node /usr/local/bin/firebase deploy
[debug] [2021-01-27T11:49:59.460Z] CLI Version:   9.2.2
[debug] [2021-01-27T11:49:59.460Z] Platform:      linux
[debug] [2021-01-27T11:49:59.460Z] Node Version:  v12.18.3
[debug] [2021-01-27T11:49:59.461Z] Time:          Wed Jan 27 2021 17:19:59 GMT+0530 (India Standard Time)
[debug] [2021-01-27T11:49:59.461Z] ----------------------------------------------------------------------
[debug] [2021-01-27T11:49:59.461Z] 
[debug] [2021-01-27T11:49:59.505Z] > command requires scopes: ["email","openid","https://www.googleapis.com/auth/cloudplatformprojects.readonly","https://www.googleapis.com/auth/firebase","https://www.googleapis.com/auth/cloud-platform"]
[debug] [2021-01-27T11:49:59.506Z] > authorizing via signed-in user
[debug] [2021-01-27T11:49:59.506Z] [iam] checking project omega-14 for permissions ["firebase.projects.get","firebasehosting.sites.update"]
[debug] [2021-01-27T11:49:59.511Z] > refreshing access token with scopes: ["email","https://www.googleapis.com/auth/cloud-platform","https://www.googleapis.com/auth/cloudplatformprojects.readonly","https://www.googleapis.com/auth/firebase","openid"]
[debug] [2021-01-27T11:49:59.511Z] >>> HTTP REQUEST POST https://www.googleapis.com/oauth2/v3/token  
 <request body omitted>
[debug] [2021-01-27T11:50:29.571Z] [iam] error while checking permissions, command may fail: FirebaseError: Authentication Error: Your credentials are no longer valid. Please run firebase login --reauth

For CI servers and headless environments, generate a new token with firebase login:ci
[debug] [2021-01-27T11:50:29.575Z] > refreshing access token with scopes: []
[debug] [2021-01-27T11:50:29.576Z] >>> HTTP REQUEST POST https://www.googleapis.com/oauth2/v3/token  
 <request body omitted>
[debug] [2021-01-27T11:50:29.992Z] <<< HTTP RESPONSE 200 {"cache-control":"no-cache, no-store, max-age=0, must-revalidate","date":"Wed, 27 Jan 2021 11:50:29 GMT","expires":"Mon, 01 Jan 1990 00:00:00 GMT","pragma":"no-cache","content-type":"application/json; charset=utf-8","vary":"X-Origin, Referer, Origin,Accept-Encoding","server":"scaffolding on HTTPServer2","x-xss-protection":"0","x-frame-options":"SAMEORIGIN","x-content-type-options":"nosniff","alt-svc":"h3-29=\":443\"; ma=2592000,h3-T051=\":443\"; ma=2592000,h3-Q050=\":443\"; ma=2592000,h3-Q046=\":443\"; ma=2592000,h3-Q043=\":443\"; ma=2592000,quic=\":443\"; ma=2592000; v=\"46,43\"","accept-ranges":"none","transfer-encoding":"chunked"}
[debug] [2021-01-27T11:50:30.070Z] >>> [apiv2][query] GET https://firebase.googleapis.com/v1beta1/projects/omega-14 [none]
[debug] [2021-01-27T11:50:40.590Z] Failed to make request to https://firebase.googleapis.com/v1beta1/projects/omega-14
[debug] [2021-01-27T11:50:40.771Z] FirebaseError: Failed to make request to https://firebase.googleapis.com/v1beta1/projects/omega-14
    at Client.doRequest (/usr/local/lib/node_modules/firebase-tools/lib/apiv2.js:194:19)
    at processTicksAndRejections (internal/process/task_queues.js:97:5)
[error] 
[error] Error: Failed to get Firebase project omega-14. Please make sure the project exists and your account has permission to access it.
[debug] [2021-01-27T11:55:23.007Z] ----------------------------------------------------------------------
[debug] [2021-01-27T11:55:23.011Z] Command:       /usr/local/bin/node /usr/local/bin/firebase init
[debug] [2021-01-27T11:55:23.011Z] CLI Version:   9.2.2
[debug] [2021-01-27T11:55:23.012Z] Platform:      linux
[debug] [2021-01-27T11:55:23.012Z] Node Version:  v12.18.3
[debug] [2021-01-27T11:55:23.012Z] Time:          Wed Jan 27 2021 17:25:23 GMT+0530 (India Standard Time)
[debug] [2021-01-27T11:55:23.013Z] ----------------------------------------------------------------------
[debug] [2021-01-27T11:55:23.013Z] 
[debug] [2021-01-27T11:55:23.020Z] > command requires scopes: ["email","openid","https://www.googleapis.com/auth/cloudplatformprojects.readonly","https://www.googleapis.com/auth/firebase","https://www.googleapis.com/auth/cloud-platform"]
[debug] [2021-01-27T11:55:23.020Z] > authorizing via signed-in user
[info] 
     ######## #### ########  ######## ########     ###     ######  ########
     ##        ##  ##     ## ##       ##     ##  ##   ##  ##       ##
     ######    ##  ########  ######   ########  #########  ######  ######
     ##        ##  ##    ##  ##       ##     ## ##     ##       ## ##
     ##       #### ##     ## ######## ########  ##     ##  ######  ########

You're about to initialize a Firebase project in this directory:

  /home/techdoc/Projects/React/omega

Before we get started, keep in mind:

  * You are initializing in an existing Firebase project directory

[info] 
=== Project Setup
[info] 
[info] First, let's associate this project directory with a Firebase project.
[info] You can create multiple project aliases by running firebase use --add, 
[info] but for now we'll just set up a default project.
[info] 
[info] i  .firebaserc already has a default project, using omega-14. 
[debug] [2021-01-27T11:55:30.694Z] >>> [apiv2][query] GET https://firebase.googleapis.com/v1beta1/projects/omega-14 [none]
[debug] [2021-01-27T11:55:41.276Z] <<< [apiv2][status] GET https://firebase.googleapis.com/v1beta1/projects/omega-14 200
[debug] [2021-01-27T11:55:41.277Z] <<< [apiv2][body] GET https://firebase.googleapis.com/v1beta1/projects/omega-14 {"projectId":"omega-14","projectNumber":"187356339044","displayName":"Omega","name":"projects/omega-14","resources":{"hostingSite":"omega-14","realtimeDatabaseInstance":"omega-14-default-rtdb"},"state":"ACTIVE"}
[info] 
=== Hosting Setup
[info] 
[info] Your public directory is the folder (relative to your project directory) that
[info] will contain Hosting assets to be uploaded with firebase deploy. If you
[info] have a build process for your assets, use your build's output directory.
[info] 
[debug] [2021-01-27T11:56:09.837Z] >>> [apiv2][query] GET https://www.gstatic.com/firebasejs/releases.json [none]
[debug] [2021-01-27T11:56:20.115Z] <<< [apiv2][status] GET https://www.gstatic.com/firebasejs/releases.json 200
[debug] [2021-01-27T11:56:20.115Z] <<< [apiv2][body] GET https://www.gstatic.com/firebasejs/releases.json {"current":{"version":"8.2.4","browserURL":"https://www.gstatic.com/firebasejs/8.2.4/firebase.js","packageURL":"https://www.gstatic.com/firebasejs/8.2.4/firebase.tgz"},"live":{"version":"8.2","browserURL":"https://www.gstatic.com/firebasejs/live/8.2/firebase.js","packageURL":"https://www.gstatic.com/firebasejs/live/8.2/firebase.tgz"},"components":{"analytics":"https://www.gstatic.com/firebasejs/8.2.4/firebase-analytics.js","app":"https://www.gstatic.com/firebasejs/8.2.4/firebase-app.js","auth":"https://www.gstatic.com/firebasejs/8.2.4/firebase-auth.js","database":"https://www.gstatic.com/firebasejs/8.2.4/firebase-database.js","firestore":"https://www.gstatic.com/firebasejs/8.2.4/firebase-firestore.js","functions":"https://www.gstatic.com/firebasejs/8.2.4/firebase-functions.js","installations":"https://www.gstatic.com/firebasejs/8.2.4/firebase-installations.js","messaging":"https://www.gstatic.com/firebasejs/8.2.4/firebase-messaging.js","storage":"https://www.gstatic.com/firebasejs/8.2.4/firebase-storage.js","performance":"https://www.gstatic.com/firebasejs/8.2.4/firebase-performance.js","remote-config":"https://www.gstatic.com/firebasejs/8.2.4/firebase-remote-config.js","firestore.memory":"https://www.gstatic.com/firebasejs/8.2.4/firebase-firestore.memory.js"}}
[info] i  Skipping write of build/index.html 
[info] 
[info] i  Detected a .git folder at /home/techdoc/Projects/React/omega 
[info] i  Authorizing with GitHub to upload your service account to a GitHub repository's secrets store. 
[info] 
[info] Visit this URL on this device to log in:
[info] https://github.com/login/oauth/authorize?client_id=89cf50f02ac6aaed3484&state=390934170&redirect_uri=http%3A%2F%2Flocalhost%3A9005&scope=read%3Auser%20repo%20public_repo
[info] 
[info] Waiting for authentication...
[debug] [2021-01-27T11:56:50.641Z] >>> HTTP REQUEST POST https://github.com/login/oauth/access_token  
 {"client_id":"89cf50f02ac6aaed3484","client_secret":"3330d14abc895d9a74d5f17cd7a00711fa2c5bf0","code":"31320be864dbb0108ac8","redirect_uri":"http://localhost:9005","state":"390934170"}
[debug] [2021-01-27T11:56:51.453Z] <<< HTTP RESPONSE 200 {"date":"Wed, 27 Jan 2021 11:56:51 GMT","content-type":"application/json; charset=utf-8","transfer-encoding":"chunked","server":"GitHub.com","status":"200 OK","vary":"X-PJAX, Accept-Encoding, Accept, X-Requested-With, Accept-Encoding","etag":"W/\"90dcf31fe81fc743f2340767d4856836\"","cache-control":"max-age=0, private, must-revalidate","strict-transport-security":"max-age=31536000; includeSubdomains; preload","x-frame-options":"deny","x-content-type-options":"nosniff","x-xss-protection":"1; mode=block","referrer-policy":"origin-when-cross-origin, strict-origin-when-cross-origin","expect-ct":"max-age=2592000, report-uri=\"https://api.github.com/_private/browser/errors\"","content-security-policy":"default-src 'none'; base-uri 'self'; block-all-mixed-content; connect-src 'self' uploads.github.com www.githubstatus.com collector.githubapp.com api.github.com github-cloud.s3.amazonaws.com github-production-repository-file-5c1aeb.s3.amazonaws.com github-production-upload-manifest-file-7fdce7.s3.amazonaws.com github-production-user-asset-6210df.s3.amazonaws.com cdn.optimizely.com logx.optimizely.com/v1/events wss://alive.github.com; font-src github.githubassets.com; form-action 'self' github.com gist.github.com; frame-ancestors 'none'; frame-src render.githubusercontent.com; img-src 'self' data: github.githubassets.com identicons.github.com collector.githubapp.com github-cloud.s3.amazonaws.com *.githubusercontent.com; manifest-src 'self'; media-src 'none'; script-src github.githubassets.com; style-src 'unsafe-inline' github.githubassets.com; worker-src github.com/socket-worker-5029ae85.js gist.github.com/socket-worker-5029ae85.js","x-github-request-id":"0D24:6C81:368562:3B901B:60115502"}
[debug] [2021-01-27T11:56:51.456Z] >>> [apiv2][query] GET https://api.github.com/user [none]
[debug] [2021-01-27T11:56:52.076Z] <<< [apiv2][status] GET https://api.github.com/user 200
[debug] [2021-01-27T11:56:52.077Z] <<< [apiv2][body] GET https://api.github.com/user {"login":"tech-doc","id":54902864,"node_id":"MDQ6VXNlcjU0OTAyODY0","avatar_url":"https://avatars.githubusercontent.com/u/54902864?v=4","gravatar_id":"","url":"https://api.github.com/users/tech-doc","html_url":"https://github.com/tech-doc","followers_url":"https://api.github.com/users/tech-doc/followers","following_url":"https://api.github.com/users/tech-doc/following{/other_user}","gists_url":"https://api.github.com/users/tech-doc/gists{/gist_id}","starred_url":"https://api.github.com/users/tech-doc/starred{/owner}{/repo}","subscriptions_url":"https://api.github.com/users/tech-doc/subscriptions","organizations_url":"https://api.github.com/users/tech-doc/orgs","repos_url":"https://api.github.com/users/tech-doc/repos","events_url":"https://api.github.com/users/tech-doc/events{/privacy}","received_events_url":"https://api.github.com/users/tech-doc/received_events","type":"User","site_admin":false,"name":"TechDoc","company":null,"blog":"","location":null,"email":null,"hireable":null,"bio":null,"twitter_username":null,"public_repos":4,"public_gists":0,"followers":0,"following":0,"created_at":"2019-09-04T15:14:45Z","updated_at":"2021-01-27T11:56:49Z","private_gists":0,"total_private_repos":0,"owned_private_repos":0,"disk_usage":25232,"collaborators":0,"two_factor_authentication":false,"plan":{"name":"pro","space":976562499,"collaborators":0,"private_repos":9999}}
[info] 
[info] ✔  Success! Logged into GitHub as tech-doc 
[info] 
